mode: set
/Users/ivoneijr/projects/golang/go-matrix-csv/src/handlers/invert.go:12.72,16.29 3 1
/Users/ivoneijr/projects/golang/go-matrix-csv/src/handlers/invert.go:20.2,20.38 1 1
/Users/ivoneijr/projects/golang/go-matrix-csv/src/handlers/invert.go:16.29,18.3 1 1
/Users/ivoneijr/projects/golang/go-matrix-csv/src/handlers/multiply.go:13.74,18.24 4 1
/Users/ivoneijr/projects/golang/go-matrix-csv/src/handlers/multiply.go:29.2,31.35 2 1
/Users/ivoneijr/projects/golang/go-matrix-csv/src/handlers/multiply.go:18.24,21.18 2 1
/Users/ivoneijr/projects/golang/go-matrix-csv/src/handlers/multiply.go:21.18,26.4 3 1
/Users/ivoneijr/projects/golang/go-matrix-csv/src/handlers/sum.go:12.69,17.24 4 1
/Users/ivoneijr/projects/golang/go-matrix-csv/src/handlers/sum.go:26.2,28.35 2 1
/Users/ivoneijr/projects/golang/go-matrix-csv/src/handlers/sum.go:17.24,20.18 2 1
/Users/ivoneijr/projects/golang/go-matrix-csv/src/handlers/sum.go:20.18,23.4 2 1
/Users/ivoneijr/projects/golang/go-matrix-csv/src/handlers/common.go:22.35,25.16 2 1
/Users/ivoneijr/projects/golang/go-matrix-csv/src/handlers/common.go:29.2,32.18 3 1
/Users/ivoneijr/projects/golang/go-matrix-csv/src/handlers/common.go:25.16,27.3 1 0
/Users/ivoneijr/projects/golang/go-matrix-csv/src/handlers/common.go:36.59,38.16 2 1
/Users/ivoneijr/projects/golang/go-matrix-csv/src/handlers/common.go:42.2,43.16 2 1
/Users/ivoneijr/projects/golang/go-matrix-csv/src/handlers/common.go:46.2,52.16 5 1
/Users/ivoneijr/projects/golang/go-matrix-csv/src/handlers/common.go:56.2,58.16 3 1
/Users/ivoneijr/projects/golang/go-matrix-csv/src/handlers/common.go:62.2,70.30 6 1
/Users/ivoneijr/projects/golang/go-matrix-csv/src/handlers/common.go:38.16,40.3 1 0
/Users/ivoneijr/projects/golang/go-matrix-csv/src/handlers/common.go:43.16,45.3 1 0
/Users/ivoneijr/projects/golang/go-matrix-csv/src/handlers/common.go:52.16,54.3 1 0
/Users/ivoneijr/projects/golang/go-matrix-csv/src/handlers/common.go:58.16,60.3 1 0
/Users/ivoneijr/projects/golang/go-matrix-csv/src/handlers/echo.go:12.70,16.29 3 1
/Users/ivoneijr/projects/golang/go-matrix-csv/src/handlers/echo.go:20.2,20.38 1 1
/Users/ivoneijr/projects/golang/go-matrix-csv/src/handlers/echo.go:16.29,18.3 1 1
/Users/ivoneijr/projects/golang/go-matrix-csv/src/handlers/flatten.go:13.73,17.24 3 1
/Users/ivoneijr/projects/golang/go-matrix-csv/src/handlers/flatten.go:21.2,23.38 2 1
/Users/ivoneijr/projects/golang/go-matrix-csv/src/handlers/flatten.go:17.24,19.3 1 1
/Users/ivoneijr/projects/golang/go-matrix-csv/src/handlers/healhCheck.go:9.65,14.2 3 1
/Users/ivoneijr/projects/golang/go-matrix-csv/src/helpers/utils.go:25.34,30.2 3 1
/Users/ivoneijr/projects/golang/go-matrix-csv/src/helpers/utils.go:33.46,38.28 4 1
/Users/ivoneijr/projects/golang/go-matrix-csv/src/helpers/utils.go:42.2,42.33 1 1
/Users/ivoneijr/projects/golang/go-matrix-csv/src/helpers/utils.go:60.2,62.19 2 1
/Users/ivoneijr/projects/golang/go-matrix-csv/src/helpers/utils.go:38.28,40.3 1 1
/Users/ivoneijr/projects/golang/go-matrix-csv/src/helpers/utils.go:42.33,45.18 2 1
/Users/ivoneijr/projects/golang/go-matrix-csv/src/helpers/utils.go:45.18,48.32 2 1
/Users/ivoneijr/projects/golang/go-matrix-csv/src/helpers/utils.go:48.32,51.23 2 1
/Users/ivoneijr/projects/golang/go-matrix-csv/src/helpers/utils.go:51.23,55.6 2 1
/Users/ivoneijr/projects/golang/go-matrix-csv/src/helpers/utils.go:66.52,69.12 2 1
/Users/ivoneijr/projects/golang/go-matrix-csv/src/helpers/utils.go:80.2,80.11 1 1
/Users/ivoneijr/projects/golang/go-matrix-csv/src/helpers/utils.go:69.12,72.30 2 1
/Users/ivoneijr/projects/golang/go-matrix-csv/src/helpers/utils.go:72.30,73.31 1 1
/Users/ivoneijr/projects/golang/go-matrix-csv/src/helpers/utils.go:73.31,76.5 2 1
/Users/ivoneijr/projects/golang/go-matrix-csv/src/helpers/utils.go:84.83,87.16 2 0
/Users/ivoneijr/projects/golang/go-matrix-csv/src/helpers/utils.go:92.2,96.16 3 0
/Users/ivoneijr/projects/golang/go-matrix-csv/src/helpers/utils.go:101.2,101.21 1 0
/Users/ivoneijr/projects/golang/go-matrix-csv/src/helpers/utils.go:87.16,90.3 2 0
/Users/ivoneijr/projects/golang/go-matrix-csv/src/helpers/utils.go:96.16,99.3 2 0
/Users/ivoneijr/projects/golang/go-matrix-csv/src/helpers/utils.go:109.28,112.19 2 0
/Users/ivoneijr/projects/golang/go-matrix-csv/src/helpers/utils.go:114.30,115.38 1 0
/Users/ivoneijr/projects/golang/go-matrix-csv/src/helpers/utils.go:117.14,118.32 1 0
/Users/ivoneijr/projects/golang/go-matrix-csv/src/helpers/utils.go:120.10,121.21 1 0
